09:54:50.716042 HC EXECUTOR - TTCN-3 Host Controller started on Ubuntu64. Version: CRL 113 200/6 R1A.
09:54:50.716115 HC EXECUTOR - TTCN Logger v2.2 options: TimeStampFormat:=Time; LogEntityName:=Yes; LogEventTypes:=Yes; SourceInfoFormat:=Stack; *.FileMask:=LOG_ALL | MATCHING | DEBUG; *.ConsoleMask:=ERROR | TESTCASE | PORTEVENT | STATISTICS | WARNING; LogFileSize:=0; LogFileNumber:=1; DiskFullAction:=Error
09:54:50.716263 HC WARNING - Warning: The address of MC was set to a local IP address. This may cause incorrect behavior if a HC from a remote host also connects to MC.
09:54:50.716279 HC EXECUTOR - The address of MC was set to 127.0.0.1:0.
09:54:50.716348 HC EXECUTOR - Connected to MC.
09:54:50.716367 HC EXECUTOR - This host supports UNIX domain sockets for local communication.
09:54:50.716623 HC EXECUTOR - Processing configuration data received from MC.
09:54:50.716751 HC WARNING - Warning: Skeleton `../logs/MyExample-%n.log' does not guarantee unique log file name for every test system process. It may cause unpredictable results if several test components try to write into the same log file.
09:54:50.716960 HC EXECUTOR - Initializing module DNS_Demo.
09:54:50.716971 HC EXECUTOR ../ttcn/DNS_Demo.ttcn:0 Initializing module DNS_Mapping.
09:54:50.716985 HC EXECUTOR ../ttcn/DNS_Demo.ttcn:0->../ttcn/DNS_Mapping.ttcn:0 Initializing module DNS_Types.
09:54:50.716995 HC EXECUTOR ../ttcn/DNS_Demo.ttcn:0->../ttcn/DNS_Mapping.ttcn:0 Initialization of module DNS_Types finished.
09:54:50.717003 HC EXECUTOR ../ttcn/DNS_Demo.ttcn:0->../ttcn/DNS_Mapping.ttcn:0 Initializing module UDPasp_PortType.
09:54:50.717010 HC EXECUTOR ../ttcn/DNS_Demo.ttcn:0->../ttcn/DNS_Mapping.ttcn:0->../ttcn/UDPasp_PortType.ttcn:0 Initializing module UDPasp_Types.
09:54:50.717021 HC EXECUTOR ../ttcn/DNS_Demo.ttcn:0->../ttcn/DNS_Mapping.ttcn:0->../ttcn/UDPasp_PortType.ttcn:0 Initialization of module UDPasp_Types finished.
09:54:50.717030 HC EXECUTOR ../ttcn/DNS_Demo.ttcn:0->../ttcn/DNS_Mapping.ttcn:0 Initialization of module UDPasp_PortType finished.
09:54:50.717038 HC EXECUTOR ../ttcn/DNS_Demo.ttcn:0 Initialization of module DNS_Mapping finished.
09:54:50.717117 HC EXECUTOR - Initialization of module DNS_Demo finished.
09:54:50.717134 HC EXECUTOR - Initializing module PreGenRecordOf.
09:54:50.717141 HC EXECUTOR - Initialization of module PreGenRecordOf finished.
09:54:50.717148 HC EXECUTOR - Initializing module TitanLoggerApi.
09:54:50.717154 HC EXECUTOR - Initialization of module TitanLoggerApi finished.
09:54:50.717187 HC EXECUTOR - Configuration data was processed successfully.
09:54:50.717825 HC EXECUTOR - MTC was created. Process id: 3871.
09:54:50.717959 MTC EXECUTOR - TTCN-3 Main Test Component started on Ubuntu64. Version: CRL 113 200/6 R1A.
09:54:50.718038 MTC EXECUTOR - TTCN Logger v2.2 options: TimeStampFormat:=Time; LogEntityName:=Yes; LogEventTypes:=Yes; SourceInfoFormat:=Stack; *.FileMask:=LOG_ALL | MATCHING | DEBUG; *.ConsoleMask:=ERROR | TESTCASE | PORTEVENT | STATISTICS | WARNING; LogFileSize:=0; LogFileNumber:=1; DiskFullAction:=Error
09:54:50.718078 MTC EXECUTOR - Connected to MC.
09:54:50.718224 MTC PARALLEL - Executing control part of module DNS_Demo.
09:54:50.718253 MTC STATISTICS ../ttcn/DNS_Demo.ttcn:1128(controlpart:DNS_Demo) Execution of control part in module DNS_Demo started.
09:54:50.718299 MTC TESTCASE ../ttcn/DNS_Demo.ttcn:1129(controlpart:DNS_Demo)->../ttcn/DNS_Demo.ttcn:843(testcase:tc_1) Test case tc_1 started.
09:54:50.718326 MTC PARALLEL ../ttcn/DNS_Demo.ttcn:1129(controlpart:DNS_Demo)->../ttcn/DNS_Demo.ttcn:843(testcase:tc_1) Initializing variables, timers and ports of component type DNS_Demo.Test_CT inside testcase tc_1.
09:54:50.718366 MTC PORTEVENT ../ttcn/DNS_Demo.ttcn:1129(controlpart:DNS_Demo)->../ttcn/DNS_Demo.ttcn:843(testcase:tc_1) Port UDP_DNS_PCO was started.
09:54:50.718392 MTC PARALLEL ../ttcn/DNS_Demo.ttcn:1129(controlpart:DNS_Demo)->../ttcn/DNS_Demo.ttcn:843(testcase:tc_1) Component type DNS_Demo.Test_CT was initialized.
09:54:50.718439 MTC PARALLEL ../ttcn/DNS_Demo.ttcn:1129(controlpart:DNS_Demo)->../ttcn/DNS_Demo.ttcn:845(testcase:tc_1) Creating new PTC with component type DNS_Mapping.DNS_mapping_CT.
09:54:50.719192 HC PARALLEL - PTC was created. Component reference: 3, component type: DNS_Mapping.DNS_mapping_CT, testcase name: tc_1, process id: 3872.
09:54:50.719513 EXECUTOR - TTCN-3 Parallel Test Component started on Ubuntu64. Component reference: 3, component type: DNS_Mapping.DNS_mapping_CT. Version: CRL 113 200/6 R1A.
09:54:50.719624 EXECUTOR - TTCN Logger v2.2 options: TimeStampFormat:=Time; LogEntityName:=Yes; LogEventTypes:=Yes; SourceInfoFormat:=Stack; *.FileMask:=LOG_ALL | MATCHING | DEBUG; *.ConsoleMask:=ERROR | TESTCASE | PORTEVENT | STATISTICS | WARNING; LogFileSize:=0; LogFileNumber:=1; DiskFullAction:=Error
09:54:50.719705 EXECUTOR - Connected to MC.
09:54:50.719761 MTC PARALLEL ../ttcn/DNS_Demo.ttcn:1129(controlpart:DNS_Demo)->../ttcn/DNS_Demo.ttcn:845(testcase:tc_1) PTC was created. Component reference: 3, alive: no, type: DNS_Mapping.DNS_mapping_CT.
09:54:50.719791 MTC PARALLEL ../ttcn/DNS_Demo.ttcn:1129(controlpart:DNS_Demo)->../ttcn/DNS_Demo.ttcn:849(testcase:tc_1) Connecting ports mtc:UDP_DNS_PCO and 3:UDP_DNS_PCO.
09:54:50.719900 MTC PORTEVENT ../ttcn/DNS_Demo.ttcn:1129(controlpart:DNS_Demo)->../ttcn/DNS_Demo.ttcn:849(testcase:tc_1) Port UDP_DNS_PCO is waiting for connection from 3:UDP_DNS_PCO on UNIX pathname /tmp/ttcn3-portconn-f75faf15.
09:54:50.719973 PARALLEL - Initializing variables, timers and ports of component type DNS_Mapping.DNS_mapping_CT inside testcase tc_1.
09:54:50.720021 DEBUG - UDP test port (UDP_PCO): leaving UDPasp__PT::set_parameter(debugging, YES)
09:54:50.720036 DEBUG - UDP test port (UDP_PCO): entering UDPasp__PT::set_parameter(localPort, 9999)
09:54:50.720069 DEBUG - UDP test port (UDP_PCO): leaving UDPasp__PT::set_parameter(localPort, 9999)
09:54:50.720082 PORTEVENT - Port UDP_DNS_PCO was started.
09:54:50.720127 PORTEVENT - Port UDP_PCO was started.
09:54:50.720157 PARALLEL - Component type DNS_Mapping.DNS_mapping_CT was initialized.
09:54:50.720249 MTC PORTEVENT ../ttcn/DNS_Demo.ttcn:1129(controlpart:DNS_Demo)->../ttcn/DNS_Demo.ttcn:849(testcase:tc_1) Port UDP_DNS_PCO has accepted the connection from 3:UDP_DNS_PCO.
09:54:50.720301 MTC PARALLEL ../ttcn/DNS_Demo.ttcn:1129(controlpart:DNS_Demo)->../ttcn/DNS_Demo.ttcn:849(testcase:tc_1) Connect operation on mtc:UDP_DNS_PCO and 3:UDP_DNS_PCO finished.
09:54:50.720323 MTC PARALLEL ../ttcn/DNS_Demo.ttcn:1129(controlpart:DNS_Demo)->../ttcn/DNS_Demo.ttcn:850(testcase:tc_1) Starting function f_DNS_mapping_behaviour() on component 3.
09:54:50.720356 MTC PARALLEL ../ttcn/DNS_Demo.ttcn:1129(controlpart:DNS_Demo)->../ttcn/DNS_Demo.ttcn:850(testcase:tc_1) Function was started.
09:54:50.720372 MTC TIMEROP ../ttcn/DNS_Demo.ttcn:1129(controlpart:DNS_Demo)->../ttcn/DNS_Demo.ttcn:852(testcase:tc_1) Start timer Tl_idle: 30 s
09:54:50.720438 PORTEVENT - Port UDP_DNS_PCO has established the connection with mtc:UDP_DNS_PCO using transport type UNIX.
09:54:50.720491 PARALLEL - Starting function f_DNS_mapping_behaviour().
09:54:50.720561 PARALLEL ../ttcn/DNS_Mapping.ttcn:46(function:f_DNS_mapping_behaviour) Mapping port 3:UDP_PCO to system:UDP_PCO.
09:54:50.720695 DEBUG ../ttcn/DNS_Mapping.ttcn:46(function:f_DNS_mapping_behaviour) UDP test port (UDP_PCO): entering UDPasp__PT::user_map()
09:54:50.720713 DEBUG ../ttcn/DNS_Mapping.ttcn:46(function:f_DNS_mapping_behaviour) UDP test port (UDP_PCO): entering UDPasp__PT::setUpSocket()
09:54:50.720728 DEBUG ../ttcn/DNS_Mapping.ttcn:46(function:f_DNS_mapping_behaviour) UDP test port (UDP_PCO): Binding port...
09:54:50.720746 DEBUG ../ttcn/DNS_Mapping.ttcn:46(function:f_DNS_mapping_behaviour) UDP test port (UDP_PCO): leaving UDPasp__PT::setUpSocket()
09:54:50.720766 DEBUG ../ttcn/DNS_Mapping.ttcn:46(function:f_DNS_mapping_behaviour) UDP test port (UDP_PCO): leaving UDPasp__PT::user_map()
09:54:50.720777 PORTEVENT ../ttcn/DNS_Mapping.ttcn:46(function:f_DNS_mapping_behaviour) Port UDP_PCO was mapped to system:UDP_PCO.
09:54:50.720902 PARALLEL ../ttcn/DNS_Mapping.ttcn:46(function:f_DNS_mapping_behaviour) Map operation of 3:UDP_PCO to system:UDP_PCO finished.
09:54:54.032391 DEBUG ../ttcn/DNS_Mapping.ttcn:47(function:f_DNS_mapping_behaviour) UDP test port (UDP_PCO): entering UDPasp__PT::Event_Handler()
09:54:54.032469 DEBUG ../ttcn/DNS_Mapping.ttcn:47(function:f_DNS_mapping_behaviour) Message received:  Size: 35,
Msg:  56 cc 01 00 00 01 00 00 00 00 00 00 0a 4d 79 43 6f 6d 70 75 74 65 72 06 54 54 43 4e 2d 33 00 00 01 00 01

09:54:54.032499 DEBUG ../ttcn/DNS_Mapping.ttcn:47(function:f_DNS_mapping_behaviour) UDP test port (UDP_PCO): The remote port:          33983
09:54:54.032514 DEBUG ../ttcn/DNS_Mapping.ttcn:47(function:f_DNS_mapping_behaviour) UDP test port (UDP_PCO): The remote address:       127.0.0.1
09:54:54.032529 DEBUG ../ttcn/DNS_Mapping.ttcn:47(function:f_DNS_mapping_behaviour) Recevied PDU   Size: 35,
Msg:  56 cc 01 00 00 01 00 00 00 00 00 00 0a 4d 79 43 6f 6d 70 75 74 65 72 06 54 54 43 4e 2d 33 00 00 01 00 01

09:54:54.032581 PORTEVENT ../ttcn/DNS_Mapping.ttcn:47(function:f_DNS_mapping_behaviour) Message enqueued on UDP_PCO from system @UDPasp_Types.ASP_UDP : { data := '56CC010000010000000000000A4D79436F6D7075746572065454434E2D330000010001'O, addressf := "127.0.0.1", portf := 49028 } id 1
09:54:54.032655 DEBUG ../ttcn/DNS_Mapping.ttcn:47(function:f_DNS_mapping_behaviour) UDP test port (UDP_PCO): leaving UDPasp__PT::Event_Handler()
09:54:54.032688 MATCHING ../ttcn/DNS_Mapping.ttcn:48(function:f_DNS_mapping_behaviour) Matching on port UDP_PCO succeeded:  matched
09:54:54.032717 PORTEVENT ../ttcn/DNS_Mapping.ttcn:48(function:f_DNS_mapping_behaviour) Receive operation on port UDP_PCO succeeded, message from system(): @UDPasp_Types.ASP_UDP : { data := '56CC010000010000000000000A4D79436F6D7075746572065454434E2D330000010001'O, addressf := "127.0.0.1", portf := 49028 } id 1
09:54:54.032751 PORTEVENT ../ttcn/DNS_Mapping.ttcn:48(function:f_DNS_mapping_behaviour) Message with id 1 was extracted from the queue of UDP_PCO.
09:54:54.032777 DEBUG ../ttcn/DNS_Mapping.ttcn:49(function:f_DNS_mapping_behaviour) Incoming data:  
   56 cc 01 00 00 01 00 00   00 00 00 00 0a 4d 79 43   V....... .....MyC
   6f 6d 70 75 74 65 72 06   54 54 43 4e 2d 33 00 00   omputer. TTCN-3..
   01 00 01                                            ...

09:54:54.032815 DEBUG ../ttcn/DNS_Mapping.ttcn:49(function:f_DNS_mapping_behaviour) DNS header: { id := 22220, qr := DNS_QUERY (0), opCode := 0, aa := false, tc := false, rd := true, ra := false, z := '000'B, rCode := 0, qdCount := 1, anCount := 0, nsCount := 0, arCount := 0 }
09:54:54.032856 DEBUG ../ttcn/DNS_Mapping.ttcn:49(function:f_DNS_mapping_behaviour) Query resource record: { qName := "MyComputer.TTCN-3", qType := 1, qClass := 1 }
09:54:54.032942 PORTEVENT ../ttcn/DNS_Mapping.ttcn:49(function:f_DNS_mapping_behaviour) Sent on UDP_DNS_PCO to mtc @DNS_Mapping.ASP_UDP_DNS : { dnsMessage := { header := { id := 22220, qr := DNS_QUERY (0), opCode := 0, aa := false, tc := false, rd := true, ra := false, z := '000'B, rCode := 0, qdCount := 1, anCount := 0, nsCount := 0, arCount := 0 }, queries := { { qName := "MyComputer.TTCN-3", qType := 1, qClass := 1 } }, answers := { }, nameServerRecords := { }, additionalRecords := { } }, compressDomainNames := omit, autoLengthCalc := omit, udpAddress := "127.0.0.1", udpPort := 49028 }
09:54:54.033071 MTC PORTEVENT ../ttcn/DNS_Demo.ttcn:1129(controlpart:DNS_Demo)->../ttcn/DNS_Demo.ttcn:853(testcase:tc_1) Message enqueued on UDP_DNS_PCO from 3 @DNS_Mapping.ASP_UDP_DNS : { dnsMessage := { header := { id := 22220, qr := DNS_QUERY (0), opCode := 0, aa := false, tc := false, rd := true, ra := false, z := '000'B, rCode := 0, qdCount := 1, anCount := 0, nsCount := 0, arCount := 0 }, queries := { { qName := "MyComputer.TTCN-3", qType := 1, qClass := 1 } }, answers := { }, nameServerRecords := { }, additionalRecords := { } }, compressDomainNames := omit, autoLengthCalc := omit, udpAddress := "127.0.0.1", udpPort := 49028 } id 1
09:54:54.033215 MTC MATCHING ../ttcn/DNS_Demo.ttcn:1129(controlpart:DNS_Demo)->../ttcn/DNS_Demo.ttcn:854(testcase:tc_1) Matching on port UDP_DNS_PCO .dnsMessage.queries[0].qType := 1 with 12 unmatched: First message in the queue does not match the template: 
09:54:54.033263 MTC MATCHING ../ttcn/DNS_Demo.ttcn:1129(controlpart:DNS_Demo)->../ttcn/DNS_Demo.ttcn:871(testcase:tc_1) Matching on port UDP_DNS_PCO succeeded:  matched
09:54:54.033291 MTC PORTEVENT ../ttcn/DNS_Demo.ttcn:1129(controlpart:DNS_Demo)->../ttcn/DNS_Demo.ttcn:871(testcase:tc_1) Receive operation on port UDP_DNS_PCO succeeded, message from 3: @DNS_Mapping.ASP_UDP_DNS : { dnsMessage := { header := { id := 22220, qr := DNS_QUERY (0), opCode := 0, aa := false, tc := false, rd := true, ra := false, z := '000'B, rCode := 0, qdCount := 1, anCount := 0, nsCount := 0, arCount := 0 }, queries := { { qName := "MyComputer.TTCN-3", qType := 1, qClass := 1 } }, answers := { }, nameServerRecords := { }, additionalRecords := { } }, compressDomainNames := omit, autoLengthCalc := omit, udpAddress := "127.0.0.1", udpPort := 49028 } id 1
09:54:54.033328 MTC PORTEVENT ../ttcn/DNS_Demo.ttcn:1129(controlpart:DNS_Demo)->../ttcn/DNS_Demo.ttcn:871(testcase:tc_1) Message with id 1 was extracted from the queue of UDP_DNS_PCO.
09:54:54.033399 MTC PORTEVENT ../ttcn/DNS_Demo.ttcn:1129(controlpart:DNS_Demo)->../ttcn/DNS_Demo.ttcn:882(testcase:tc_1) Sent on UDP_DNS_PCO to 3 @DNS_Mapping.ASP_UDP_DNS : { dnsMessage := { header := { id := 22220, qr := DNS_RESPONSE (1), opCode := 0, aa := true, tc := false, rd := true, ra := false, z := '000'B, rCode := 3, qdCount := 1, anCount := 0, nsCount := 0, arCount := 0 }, queries := { { qName := "MyComputer.TTCN-3", qType := 1, qClass := 1 } }, answers := { }, nameServerRecords := { }, additionalRecords := { } }, compressDomainNames := true, autoLengthCalc := true, udpAddress := "127.0.0.1", udpPort := 49028 }
09:54:54.033447 MTC TIMEROP ../ttcn/DNS_Demo.ttcn:1129(controlpart:DNS_Demo)->../ttcn/DNS_Demo.ttcn:884(testcase:tc_1) Stop timer Tl_idle: 30 s
09:54:54.033472 MTC TIMEROP ../ttcn/DNS_Demo.ttcn:1129(controlpart:DNS_Demo)->../ttcn/DNS_Demo.ttcn:885(testcase:tc_1) Start timer Tl_idle: 30 s
09:54:54.033537 PORTEVENT ../ttcn/DNS_Mapping.ttcn:47(function:f_DNS_mapping_behaviour) Message enqueued on UDP_DNS_PCO from mtc @DNS_Mapping.ASP_UDP_DNS : { dnsMessage := { header := { id := 22220, qr := DNS_RESPONSE (1), opCode := 0, aa := true, tc := false, rd := true, ra := false, z := '000'B, rCode := 3, qdCount := 1, anCount := 0, nsCount := 0, arCount := 0 }, queries := { { qName := "MyComputer.TTCN-3", qType := 1, qClass := 1 } }, answers := { }, nameServerRecords := { }, additionalRecords := { } }, compressDomainNames := true, autoLengthCalc := true, udpAddress := "127.0.0.1", udpPort := 49028 } id 1
09:54:54.033583 MATCHING ../ttcn/DNS_Mapping.ttcn:58(function:f_DNS_mapping_behaviour) Matching on port UDP_DNS_PCO succeeded:  matched
09:54:54.033634 PORTEVENT ../ttcn/DNS_Mapping.ttcn:58(function:f_DNS_mapping_behaviour) Receive operation on port UDP_DNS_PCO succeeded, message from mtc: @DNS_Mapping.ASP_UDP_DNS : { dnsMessage := { header := { id := 22220, qr := DNS_RESPONSE (1), opCode := 0, aa := true, tc := false, rd := true, ra := false, z := '000'B, rCode := 3, qdCount := 1, anCount := 0, nsCount := 0, arCount := 0 }, queries := { { qName := "MyComputer.TTCN-3", qType := 1, qClass := 1 } }, answers := { }, nameServerRecords := { }, additionalRecords := { } }, compressDomainNames := true, autoLengthCalc := true, udpAddress := "127.0.0.1", udpPort := 49028 } id 1
09:54:54.033661 PORTEVENT ../ttcn/DNS_Mapping.ttcn:58(function:f_DNS_mapping_behaviour) Message with id 1 was extracted from the queue of UDP_DNS_PCO.
09:54:54.033701 DEBUG ../ttcn/DNS_Mapping.ttcn:59(function:f_DNS_mapping_behaviour) Outgoing data:  
   56 cc 85 03 00 01 00 00   00 00 00 00 0a 4d 79 43   V....... .....MyC
   6f 6d 70 75 74 65 72 06   54 54 43 4e 2d 33 00 00   omputer. TTCN-3..
   01 00 01                                            ...

09:54:54.033747 PORTEVENT ../ttcn/DNS_Mapping.ttcn:59(function:f_DNS_mapping_behaviour) Sent on UDP_PCO to system @UDPasp_Types.ASP_UDP : { data := '56CC850300010000000000000A4D79436F6D7075746572065454434E2D330000010001'O, addressf := "127.0.0.1", portf := 49028 }
09:54:54.033766 DEBUG ../ttcn/DNS_Mapping.ttcn:59(function:f_DNS_mapping_behaviour) UDP test port (UDP_PCO): entering UDPasp__PT::outgoing_send(ASP__UDP)
09:54:54.033777 DEBUG ../ttcn/DNS_Mapping.ttcn:59(function:f_DNS_mapping_behaviour) Sending data: Size: 35,
Msg:  56 cc 85 03 00 01 00 00 00 00 00 00 0a 4d 79 43 6f 6d 70 75 74 65 72 06 54 54 43 4e 2d 33 00 00 01 00 01

09:54:54.033795 DEBUG ../ttcn/DNS_Mapping.ttcn:59(function:f_DNS_mapping_behaviour) UDP test port (UDP_PCO): UDPasp__PT::getHostId called
09:54:54.033810 DEBUG ../ttcn/DNS_Mapping.ttcn:59(function:f_DNS_mapping_behaviour) UDP test port (UDP_PCO): Host name: 127.0.0.1, Host address: 16777343
09:54:54.033819 DEBUG ../ttcn/DNS_Mapping.ttcn:59(function:f_DNS_mapping_behaviour) UDP test port (UDP_PCO): UDPasp__PT::getHostId exited
09:54:54.033857 DEBUG ../ttcn/DNS_Mapping.ttcn:59(function:f_DNS_mapping_behaviour) UDP test port (UDP_PCO): Nr of bytes sent = 35
09:54:54.033873 DEBUG ../ttcn/DNS_Mapping.ttcn:59(function:f_DNS_mapping_behaviour) UDP test port (UDP_PCO): leaving UDPasp__PT::outgoing_send(ASP__UDP)
09:55:24.050067 MTC TIMEROP ../ttcn/DNS_Demo.ttcn:1129(controlpart:DNS_Demo)->../ttcn/DNS_Demo.ttcn:894(testcase:tc_1) Timeout Tl_idle: 30 s
09:55:24.050286 MTC USER ../ttcn/DNS_Demo.ttcn:1129(controlpart:DNS_Demo)->../ttcn/DNS_Demo.ttcn:895(testcase:tc_1) Timeout.
09:55:24.050353 MTC PARALLEL ../ttcn/DNS_Demo.ttcn:1129(controlpart:DNS_Demo)->../ttcn/DNS_Demo.ttcn:899(testcase:tc_1) Stopping PTC with component reference 3.
09:55:24.050558 PARALLEL ../ttcn/DNS_Mapping.ttcn:47(function:f_DNS_mapping_behaviour) Kill was requested from MC.
09:55:24.050612 PARALLEL ../ttcn/DNS_Mapping.ttcn:47(function:f_DNS_mapping_behaviour) Terminating test component execution.
09:55:24.051077 PARALLEL - Function f_DNS_mapping_behaviour was stopped. PTC terminates.
09:55:24.051184 PARALLEL - Terminating component type DNS_Mapping.DNS_mapping_CT.
09:55:24.051223 PORTEVENT - Removing unterminated connection between port UDP_DNS_PCO and mtc:UDP_DNS_PCO.
09:55:24.051485 MTC PORTEVENT ../ttcn/DNS_Demo.ttcn:1129(controlpart:DNS_Demo)->../ttcn/DNS_Demo.ttcn:899(testcase:tc_1) Connection of port UDP_DNS_PCO to 3:UDP_DNS_PCO was closed unexpectedly by the peer.
09:55:24.051568 MTC PORTEVENT ../ttcn/DNS_Demo.ttcn:1129(controlpart:DNS_Demo)->../ttcn/DNS_Demo.ttcn:899(testcase:tc_1) Port UDP_DNS_PCO was disconnected from 3:UDP_DNS_PCO.
09:55:24.051802 PORTEVENT - Port UDP_DNS_PCO was stopped.
09:55:24.051883 PORTEVENT - Removing unterminated mapping between port UDP_PCO and system:UDP_PCO.
09:55:24.052063 DEBUG - UDP test port (UDP_PCO): entering UDPasp__PT::user_unmap()
09:55:24.052148 DEBUG - UDP test port (UDP_PCO): entering UDPasp__PT::closeDownSocket()
09:55:24.052200 DEBUG - UDP test port (UDP_PCO): entering UDPasp__PT::closeDownSocket()
09:55:24.052236 DEBUG - UDP test port (UDP_PCO): leaving UDPasp__PT::user_unmap()
09:55:24.052259 PORTEVENT - Port UDP_PCO was unmapped from system:UDP_PCO.
09:55:24.052355 PORTEVENT - Port UDP_PCO was stopped.
09:55:24.052394 PARALLEL - Component type DNS_Mapping.DNS_mapping_CT was shut down inside testcase tc_1.
09:55:24.052432 VERDICTOP - Final verdict of PTC: none
09:55:24.052670 MTC PARALLEL ../ttcn/DNS_Demo.ttcn:1129(controlpart:DNS_Demo)->../ttcn/DNS_Demo.ttcn:899(testcase:tc_1) PTC with component reference 3 was stopped.
09:55:24.052735 MTC PARALLEL ../ttcn/DNS_Demo.ttcn:1129(controlpart:DNS_Demo)->../ttcn/DNS_Demo.ttcn:900(testcase:tc_1) Disconnecting ports mtc:UDP_DNS_PCO and 3:UDP_DNS_PCO.
09:55:24.053056 MTC PARALLEL ../ttcn/DNS_Demo.ttcn:1129(controlpart:DNS_Demo)->../ttcn/DNS_Demo.ttcn:900(testcase:tc_1) Disconnect operation on mtc:UDP_DNS_PCO and 3:UDP_DNS_PCO finished.
09:55:24.053178 MTC PARALLEL ../ttcn/DNS_Demo.ttcn:1129(controlpart:DNS_Demo)->../ttcn/DNS_Demo.ttcn:900(testcase:tc_1) Terminating component type DNS_Demo.Test_CT.
09:55:24.053243 MTC PORTEVENT ../ttcn/DNS_Demo.ttcn:1129(controlpart:DNS_Demo)->../ttcn/DNS_Demo.ttcn:900(testcase:tc_1) Port UDP_DNS_PCO was stopped.
09:55:24.053369 MTC PARALLEL ../ttcn/DNS_Demo.ttcn:1129(controlpart:DNS_Demo)->../ttcn/DNS_Demo.ttcn:900(testcase:tc_1) Component type DNS_Demo.Test_CT was shut down inside testcase tc_1.
09:55:24.053425 MTC EXECUTOR ../ttcn/DNS_Demo.ttcn:1129(controlpart:DNS_Demo)->../ttcn/DNS_Demo.ttcn:900(testcase:tc_1) Waiting for PTCs to finish.
09:55:24.053517 EXECUTOR - Disconnected from MC.
09:55:24.053561 EXECUTOR - TTCN-3 Parallel Test Component finished.
09:55:24.053771 MTC VERDICTOP ../ttcn/DNS_Demo.ttcn:1129(controlpart:DNS_Demo)->../ttcn/DNS_Demo.ttcn:900(testcase:tc_1) Setting final verdict of the test case.
09:55:24.053855 MTC VERDICTOP ../ttcn/DNS_Demo.ttcn:1129(controlpart:DNS_Demo)->../ttcn/DNS_Demo.ttcn:900(testcase:tc_1) Local verdict of MTC: none
09:55:24.053943 MTC VERDICTOP ../ttcn/DNS_Demo.ttcn:1129(controlpart:DNS_Demo)->../ttcn/DNS_Demo.ttcn:900(testcase:tc_1) Local verdict of PTC with component reference 3: none (none -> none)
09:55:24.054005 MTC TESTCASE ../ttcn/DNS_Demo.ttcn:1129(controlpart:DNS_Demo)->../ttcn/DNS_Demo.ttcn:900(testcase:tc_1) Test case tc_1 finished. Verdict: none
09:55:24.054136 MTC STATISTICS ../ttcn/DNS_Demo.ttcn:1129(controlpart:DNS_Demo) Execution of control part in module DNS_Demo finished.
09:55:24.054690 MTC STATISTICS - Verdict statistics: 1 none (100.00 %), 0 pass (0.00 %), 0 inconc (0.00 %), 0 fail (0.00 %), 0 error (0.00 %).
09:55:24.054851 MTC STATISTICS - Test execution summary: 1 test case was executed. Overall verdict: none
09:55:24.054889 MTC EXECUTOR - Exit was requested from MC. Terminating MTC.
09:55:24.055864 HC EXECUTOR - Exit was requested from MC. Terminating HC.
09:55:24.067339 HC EXECUTOR - Disconnected from MC.
09:55:24.067458 HC EXECUTOR - TTCN-3 Host Controller finished.
