09:54:50.717959 EXECUTOR - TTCN-3 Main Test Component started on Ubuntu64. Version: CRL 113 200/6 R1A.
09:54:50.718038 EXECUTOR - TTCN Logger v2.2 options: TimeStampFormat:=Time; LogEntityName:=Yes; LogEventTypes:=Yes; SourceInfoFormat:=Stack; *.FileMask:=LOG_ALL | MATCHING | DEBUG; *.ConsoleMask:=ERROR | TESTCASE | PORTEVENT | STATISTICS | WARNING; LogFileSize:=0; LogFileNumber:=1; DiskFullAction:=Error
09:54:50.718078 EXECUTOR - Connected to MC.
09:54:50.718224 PARALLEL - Executing control part of module DNS_Demo.
09:54:50.718253 STATISTICS ../ttcn/DNS_Demo.ttcn:1128(controlpart:DNS_Demo) Execution of control part in module DNS_Demo started.
09:54:50.718299 TESTCASE ../ttcn/DNS_Demo.ttcn:1129(controlpart:DNS_Demo)->../ttcn/DNS_Demo.ttcn:843(testcase:tc_1) Test case tc_1 started.
09:54:50.718326 PARALLEL ../ttcn/DNS_Demo.ttcn:1129(controlpart:DNS_Demo)->../ttcn/DNS_Demo.ttcn:843(testcase:tc_1) Initializing variables, timers and ports of component type DNS_Demo.Test_CT inside testcase tc_1.
09:54:50.718366 PORTEVENT ../ttcn/DNS_Demo.ttcn:1129(controlpart:DNS_Demo)->../ttcn/DNS_Demo.ttcn:843(testcase:tc_1) Port UDP_DNS_PCO was started.
09:54:50.718392 PARALLEL ../ttcn/DNS_Demo.ttcn:1129(controlpart:DNS_Demo)->../ttcn/DNS_Demo.ttcn:843(testcase:tc_1) Component type DNS_Demo.Test_CT was initialized.
09:54:50.718439 PARALLEL ../ttcn/DNS_Demo.ttcn:1129(controlpart:DNS_Demo)->../ttcn/DNS_Demo.ttcn:845(testcase:tc_1) Creating new PTC with component type DNS_Mapping.DNS_mapping_CT.
09:54:50.719761 PARALLEL ../ttcn/DNS_Demo.ttcn:1129(controlpart:DNS_Demo)->../ttcn/DNS_Demo.ttcn:845(testcase:tc_1) PTC was created. Component reference: 3, alive: no, type: DNS_Mapping.DNS_mapping_CT.
09:54:50.719791 PARALLEL ../ttcn/DNS_Demo.ttcn:1129(controlpart:DNS_Demo)->../ttcn/DNS_Demo.ttcn:849(testcase:tc_1) Connecting ports mtc:UDP_DNS_PCO and 3:UDP_DNS_PCO.
09:54:50.719900 PORTEVENT ../ttcn/DNS_Demo.ttcn:1129(controlpart:DNS_Demo)->../ttcn/DNS_Demo.ttcn:849(testcase:tc_1) Port UDP_DNS_PCO is waiting for connection from 3:UDP_DNS_PCO on UNIX pathname /tmp/ttcn3-portconn-f75faf15.
09:54:50.720249 PORTEVENT ../ttcn/DNS_Demo.ttcn:1129(controlpart:DNS_Demo)->../ttcn/DNS_Demo.ttcn:849(testcase:tc_1) Port UDP_DNS_PCO has accepted the connection from 3:UDP_DNS_PCO.
09:54:50.720301 PARALLEL ../ttcn/DNS_Demo.ttcn:1129(controlpart:DNS_Demo)->../ttcn/DNS_Demo.ttcn:849(testcase:tc_1) Connect operation on mtc:UDP_DNS_PCO and 3:UDP_DNS_PCO finished.
09:54:50.720323 PARALLEL ../ttcn/DNS_Demo.ttcn:1129(controlpart:DNS_Demo)->../ttcn/DNS_Demo.ttcn:850(testcase:tc_1) Starting function f_DNS_mapping_behaviour() on component 3.
09:54:50.720356 PARALLEL ../ttcn/DNS_Demo.ttcn:1129(controlpart:DNS_Demo)->../ttcn/DNS_Demo.ttcn:850(testcase:tc_1) Function was started.
09:54:50.720372 TIMEROP ../ttcn/DNS_Demo.ttcn:1129(controlpart:DNS_Demo)->../ttcn/DNS_Demo.ttcn:852(testcase:tc_1) Start timer Tl_idle: 30 s
09:54:54.033071 PORTEVENT ../ttcn/DNS_Demo.ttcn:1129(controlpart:DNS_Demo)->../ttcn/DNS_Demo.ttcn:853(testcase:tc_1) Message enqueued on UDP_DNS_PCO from 3 @DNS_Mapping.ASP_UDP_DNS : { dnsMessage := { header := { id := 22220, qr := DNS_QUERY (0), opCode := 0, aa := false, tc := false, rd := true, ra := false, z := '000'B, rCode := 0, qdCount := 1, anCount := 0, nsCount := 0, arCount := 0 }, queries := { { qName := "MyComputer.TTCN-3", qType := 1, qClass := 1 } }, answers := { }, nameServerRecords := { }, additionalRecords := { } }, compressDomainNames := omit, autoLengthCalc := omit, udpAddress := "127.0.0.1", udpPort := 49028 } id 1
09:54:54.033215 MATCHING ../ttcn/DNS_Demo.ttcn:1129(controlpart:DNS_Demo)->../ttcn/DNS_Demo.ttcn:854(testcase:tc_1) Matching on port UDP_DNS_PCO .dnsMessage.queries[0].qType := 1 with 12 unmatched: First message in the queue does not match the template: 
09:54:54.033263 MATCHING ../ttcn/DNS_Demo.ttcn:1129(controlpart:DNS_Demo)->../ttcn/DNS_Demo.ttcn:871(testcase:tc_1) Matching on port UDP_DNS_PCO succeeded:  matched
09:54:54.033291 PORTEVENT ../ttcn/DNS_Demo.ttcn:1129(controlpart:DNS_Demo)->../ttcn/DNS_Demo.ttcn:871(testcase:tc_1) Receive operation on port UDP_DNS_PCO succeeded, message from 3: @DNS_Mapping.ASP_UDP_DNS : { dnsMessage := { header := { id := 22220, qr := DNS_QUERY (0), opCode := 0, aa := false, tc := false, rd := true, ra := false, z := '000'B, rCode := 0, qdCount := 1, anCount := 0, nsCount := 0, arCount := 0 }, queries := { { qName := "MyComputer.TTCN-3", qType := 1, qClass := 1 } }, answers := { }, nameServerRecords := { }, additionalRecords := { } }, compressDomainNames := omit, autoLengthCalc := omit, udpAddress := "127.0.0.1", udpPort := 49028 } id 1
09:54:54.033328 PORTEVENT ../ttcn/DNS_Demo.ttcn:1129(controlpart:DNS_Demo)->../ttcn/DNS_Demo.ttcn:871(testcase:tc_1) Message with id 1 was extracted from the queue of UDP_DNS_PCO.
09:54:54.033399 PORTEVENT ../ttcn/DNS_Demo.ttcn:1129(controlpart:DNS_Demo)->../ttcn/DNS_Demo.ttcn:882(testcase:tc_1) Sent on UDP_DNS_PCO to 3 @DNS_Mapping.ASP_UDP_DNS : { dnsMessage := { header := { id := 22220, qr := DNS_RESPONSE (1), opCode := 0, aa := true, tc := false, rd := true, ra := false, z := '000'B, rCode := 3, qdCount := 1, anCount := 0, nsCount := 0, arCount := 0 }, queries := { { qName := "MyComputer.TTCN-3", qType := 1, qClass := 1 } }, answers := { }, nameServerRecords := { }, additionalRecords := { } }, compressDomainNames := true, autoLengthCalc := true, udpAddress := "127.0.0.1", udpPort := 49028 }
09:54:54.033447 TIMEROP ../ttcn/DNS_Demo.ttcn:1129(controlpart:DNS_Demo)->../ttcn/DNS_Demo.ttcn:884(testcase:tc_1) Stop timer Tl_idle: 30 s
09:54:54.033472 TIMEROP ../ttcn/DNS_Demo.ttcn:1129(controlpart:DNS_Demo)->../ttcn/DNS_Demo.ttcn:885(testcase:tc_1) Start timer Tl_idle: 30 s
09:55:24.050067 TIMEROP ../ttcn/DNS_Demo.ttcn:1129(controlpart:DNS_Demo)->../ttcn/DNS_Demo.ttcn:894(testcase:tc_1) Timeout Tl_idle: 30 s
09:55:24.050286 USER ../ttcn/DNS_Demo.ttcn:1129(controlpart:DNS_Demo)->../ttcn/DNS_Demo.ttcn:895(testcase:tc_1) Timeout.
09:55:24.050353 PARALLEL ../ttcn/DNS_Demo.ttcn:1129(controlpart:DNS_Demo)->../ttcn/DNS_Demo.ttcn:899(testcase:tc_1) Stopping PTC with component reference 3.
09:55:24.051485 PORTEVENT ../ttcn/DNS_Demo.ttcn:1129(controlpart:DNS_Demo)->../ttcn/DNS_Demo.ttcn:899(testcase:tc_1) Connection of port UDP_DNS_PCO to 3:UDP_DNS_PCO was closed unexpectedly by the peer.
09:55:24.051568 PORTEVENT ../ttcn/DNS_Demo.ttcn:1129(controlpart:DNS_Demo)->../ttcn/DNS_Demo.ttcn:899(testcase:tc_1) Port UDP_DNS_PCO was disconnected from 3:UDP_DNS_PCO.
09:55:24.052670 PARALLEL ../ttcn/DNS_Demo.ttcn:1129(controlpart:DNS_Demo)->../ttcn/DNS_Demo.ttcn:899(testcase:tc_1) PTC with component reference 3 was stopped.
09:55:24.052735 PARALLEL ../ttcn/DNS_Demo.ttcn:1129(controlpart:DNS_Demo)->../ttcn/DNS_Demo.ttcn:900(testcase:tc_1) Disconnecting ports mtc:UDP_DNS_PCO and 3:UDP_DNS_PCO.
09:55:24.053056 PARALLEL ../ttcn/DNS_Demo.ttcn:1129(controlpart:DNS_Demo)->../ttcn/DNS_Demo.ttcn:900(testcase:tc_1) Disconnect operation on mtc:UDP_DNS_PCO and 3:UDP_DNS_PCO finished.
09:55:24.053178 PARALLEL ../ttcn/DNS_Demo.ttcn:1129(controlpart:DNS_Demo)->../ttcn/DNS_Demo.ttcn:900(testcase:tc_1) Terminating component type DNS_Demo.Test_CT.
09:55:24.053243 PORTEVENT ../ttcn/DNS_Demo.ttcn:1129(controlpart:DNS_Demo)->../ttcn/DNS_Demo.ttcn:900(testcase:tc_1) Port UDP_DNS_PCO was stopped.
09:55:24.053369 PARALLEL ../ttcn/DNS_Demo.ttcn:1129(controlpart:DNS_Demo)->../ttcn/DNS_Demo.ttcn:900(testcase:tc_1) Component type DNS_Demo.Test_CT was shut down inside testcase tc_1.
09:55:24.053425 EXECUTOR ../ttcn/DNS_Demo.ttcn:1129(controlpart:DNS_Demo)->../ttcn/DNS_Demo.ttcn:900(testcase:tc_1) Waiting for PTCs to finish.
09:55:24.053771 VERDICTOP ../ttcn/DNS_Demo.ttcn:1129(controlpart:DNS_Demo)->../ttcn/DNS_Demo.ttcn:900(testcase:tc_1) Setting final verdict of the test case.
09:55:24.053855 VERDICTOP ../ttcn/DNS_Demo.ttcn:1129(controlpart:DNS_Demo)->../ttcn/DNS_Demo.ttcn:900(testcase:tc_1) Local verdict of MTC: none
09:55:24.053943 VERDICTOP ../ttcn/DNS_Demo.ttcn:1129(controlpart:DNS_Demo)->../ttcn/DNS_Demo.ttcn:900(testcase:tc_1) Local verdict of PTC with component reference 3: none (none -> none)
09:55:24.054005 TESTCASE ../ttcn/DNS_Demo.ttcn:1129(controlpart:DNS_Demo)->../ttcn/DNS_Demo.ttcn:900(testcase:tc_1) Test case tc_1 finished. Verdict: none
09:55:24.054136 STATISTICS ../ttcn/DNS_Demo.ttcn:1129(controlpart:DNS_Demo) Execution of control part in module DNS_Demo finished.
09:55:24.054690 STATISTICS - Verdict statistics: 1 none (100.00 %), 0 pass (0.00 %), 0 inconc (0.00 %), 0 fail (0.00 %), 0 error (0.00 %).
09:55:24.054851 STATISTICS - Test execution summary: 1 test case was executed. Overall verdict: none
09:55:24.054889 EXECUTOR - Exit was requested from MC. Terminating MTC.
