09:54:50.719513 EXECUTOR - TTCN-3 Parallel Test Component started on Ubuntu64. Component reference: 3, component type: DNS_Mapping.DNS_mapping_CT. Version: CRL 113 200/6 R1A.
09:54:50.719624 EXECUTOR - TTCN Logger v2.2 options: TimeStampFormat:=Time; LogEntityName:=Yes; LogEventTypes:=Yes; SourceInfoFormat:=Stack; *.FileMask:=LOG_ALL | MATCHING | DEBUG; *.ConsoleMask:=ERROR | TESTCASE | PORTEVENT | STATISTICS | WARNING; LogFileSize:=0; LogFileNumber:=1; DiskFullAction:=Error
09:54:50.719705 EXECUTOR - Connected to MC.
09:54:50.719973 PARALLEL - Initializing variables, timers and ports of component type DNS_Mapping.DNS_mapping_CT inside testcase tc_1.
09:54:50.720021 DEBUG - UDP test port (UDP_PCO): leaving UDPasp__PT::set_parameter(debugging, YES)
09:54:50.720036 DEBUG - UDP test port (UDP_PCO): entering UDPasp__PT::set_parameter(localPort, 9999)
09:54:50.720069 DEBUG - UDP test port (UDP_PCO): leaving UDPasp__PT::set_parameter(localPort, 9999)
09:54:50.720082 PORTEVENT - Port UDP_DNS_PCO was started.
09:54:50.720127 PORTEVENT - Port UDP_PCO was started.
09:54:50.720157 PARALLEL - Component type DNS_Mapping.DNS_mapping_CT was initialized.
09:54:50.720438 PORTEVENT - Port UDP_DNS_PCO has established the connection with mtc:UDP_DNS_PCO using transport type UNIX.
09:54:50.720491 PARALLEL - Starting function f_DNS_mapping_behaviour().
09:54:50.720561 PARALLEL ../ttcn/DNS_Mapping.ttcn:46(function:f_DNS_mapping_behaviour) Mapping port 3:UDP_PCO to system:UDP_PCO.
09:54:50.720695 DEBUG ../ttcn/DNS_Mapping.ttcn:46(function:f_DNS_mapping_behaviour) UDP test port (UDP_PCO): entering UDPasp__PT::user_map()
09:54:50.720713 DEBUG ../ttcn/DNS_Mapping.ttcn:46(function:f_DNS_mapping_behaviour) UDP test port (UDP_PCO): entering UDPasp__PT::setUpSocket()
09:54:50.720728 DEBUG ../ttcn/DNS_Mapping.ttcn:46(function:f_DNS_mapping_behaviour) UDP test port (UDP_PCO): Binding port...
09:54:50.720746 DEBUG ../ttcn/DNS_Mapping.ttcn:46(function:f_DNS_mapping_behaviour) UDP test port (UDP_PCO): leaving UDPasp__PT::setUpSocket()
09:54:50.720766 DEBUG ../ttcn/DNS_Mapping.ttcn:46(function:f_DNS_mapping_behaviour) UDP test port (UDP_PCO): leaving UDPasp__PT::user_map()
09:54:50.720777 PORTEVENT ../ttcn/DNS_Mapping.ttcn:46(function:f_DNS_mapping_behaviour) Port UDP_PCO was mapped to system:UDP_PCO.
09:54:50.720902 PARALLEL ../ttcn/DNS_Mapping.ttcn:46(function:f_DNS_mapping_behaviour) Map operation of 3:UDP_PCO to system:UDP_PCO finished.
09:54:54.032391 DEBUG ../ttcn/DNS_Mapping.ttcn:47(function:f_DNS_mapping_behaviour) UDP test port (UDP_PCO): entering UDPasp__PT::Event_Handler()
09:54:54.032469 DEBUG ../ttcn/DNS_Mapping.ttcn:47(function:f_DNS_mapping_behaviour) Message received:  Size: 35,
Msg:  56 cc 01 00 00 01 00 00 00 00 00 00 0a 4d 79 43 6f 6d 70 75 74 65 72 06 54 54 43 4e 2d 33 00 00 01 00 01

09:54:54.032499 DEBUG ../ttcn/DNS_Mapping.ttcn:47(function:f_DNS_mapping_behaviour) UDP test port (UDP_PCO): The remote port:          33983
09:54:54.032514 DEBUG ../ttcn/DNS_Mapping.ttcn:47(function:f_DNS_mapping_behaviour) UDP test port (UDP_PCO): The remote address:       127.0.0.1
09:54:54.032529 DEBUG ../ttcn/DNS_Mapping.ttcn:47(function:f_DNS_mapping_behaviour) Recevied PDU   Size: 35,
Msg:  56 cc 01 00 00 01 00 00 00 00 00 00 0a 4d 79 43 6f 6d 70 75 74 65 72 06 54 54 43 4e 2d 33 00 00 01 00 01

09:54:54.032581 PORTEVENT ../ttcn/DNS_Mapping.ttcn:47(function:f_DNS_mapping_behaviour) Message enqueued on UDP_PCO from system @UDPasp_Types.ASP_UDP : { data := '56CC010000010000000000000A4D79436F6D7075746572065454434E2D330000010001'O, addressf := "127.0.0.1", portf := 49028 } id 1
09:54:54.032655 DEBUG ../ttcn/DNS_Mapping.ttcn:47(function:f_DNS_mapping_behaviour) UDP test port (UDP_PCO): leaving UDPasp__PT::Event_Handler()
09:54:54.032688 MATCHING ../ttcn/DNS_Mapping.ttcn:48(function:f_DNS_mapping_behaviour) Matching on port UDP_PCO succeeded:  matched
09:54:54.032717 PORTEVENT ../ttcn/DNS_Mapping.ttcn:48(function:f_DNS_mapping_behaviour) Receive operation on port UDP_PCO succeeded, message from system(): @UDPasp_Types.ASP_UDP : { data := '56CC010000010000000000000A4D79436F6D7075746572065454434E2D330000010001'O, addressf := "127.0.0.1", portf := 49028 } id 1
09:54:54.032751 PORTEVENT ../ttcn/DNS_Mapping.ttcn:48(function:f_DNS_mapping_behaviour) Message with id 1 was extracted from the queue of UDP_PCO.
09:54:54.032777 DEBUG ../ttcn/DNS_Mapping.ttcn:49(function:f_DNS_mapping_behaviour) Incoming data:  
   56 cc 01 00 00 01 00 00   00 00 00 00 0a 4d 79 43   V....... .....MyC
   6f 6d 70 75 74 65 72 06   54 54 43 4e 2d 33 00 00   omputer. TTCN-3..
   01 00 01                                            ...

09:54:54.032815 DEBUG ../ttcn/DNS_Mapping.ttcn:49(function:f_DNS_mapping_behaviour) DNS header: { id := 22220, qr := DNS_QUERY (0), opCode := 0, aa := false, tc := false, rd := true, ra := false, z := '000'B, rCode := 0, qdCount := 1, anCount := 0, nsCount := 0, arCount := 0 }
09:54:54.032856 DEBUG ../ttcn/DNS_Mapping.ttcn:49(function:f_DNS_mapping_behaviour) Query resource record: { qName := "MyComputer.TTCN-3", qType := 1, qClass := 1 }
09:54:54.032942 PORTEVENT ../ttcn/DNS_Mapping.ttcn:49(function:f_DNS_mapping_behaviour) Sent on UDP_DNS_PCO to mtc @DNS_Mapping.ASP_UDP_DNS : { dnsMessage := { header := { id := 22220, qr := DNS_QUERY (0), opCode := 0, aa := false, tc := false, rd := true, ra := false, z := '000'B, rCode := 0, qdCount := 1, anCount := 0, nsCount := 0, arCount := 0 }, queries := { { qName := "MyComputer.TTCN-3", qType := 1, qClass := 1 } }, answers := { }, nameServerRecords := { }, additionalRecords := { } }, compressDomainNames := omit, autoLengthCalc := omit, udpAddress := "127.0.0.1", udpPort := 49028 }
09:54:54.033537 PORTEVENT ../ttcn/DNS_Mapping.ttcn:47(function:f_DNS_mapping_behaviour) Message enqueued on UDP_DNS_PCO from mtc @DNS_Mapping.ASP_UDP_DNS : { dnsMessage := { header := { id := 22220, qr := DNS_RESPONSE (1), opCode := 0, aa := true, tc := false, rd := true, ra := false, z := '000'B, rCode := 3, qdCount := 1, anCount := 0, nsCount := 0, arCount := 0 }, queries := { { qName := "MyComputer.TTCN-3", qType := 1, qClass := 1 } }, answers := { }, nameServerRecords := { }, additionalRecords := { } }, compressDomainNames := true, autoLengthCalc := true, udpAddress := "127.0.0.1", udpPort := 49028 } id 1
09:54:54.033583 MATCHING ../ttcn/DNS_Mapping.ttcn:58(function:f_DNS_mapping_behaviour) Matching on port UDP_DNS_PCO succeeded:  matched
09:54:54.033634 PORTEVENT ../ttcn/DNS_Mapping.ttcn:58(function:f_DNS_mapping_behaviour) Receive operation on port UDP_DNS_PCO succeeded, message from mtc: @DNS_Mapping.ASP_UDP_DNS : { dnsMessage := { header := { id := 22220, qr := DNS_RESPONSE (1), opCode := 0, aa := true, tc := false, rd := true, ra := false, z := '000'B, rCode := 3, qdCount := 1, anCount := 0, nsCount := 0, arCount := 0 }, queries := { { qName := "MyComputer.TTCN-3", qType := 1, qClass := 1 } }, answers := { }, nameServerRecords := { }, additionalRecords := { } }, compressDomainNames := true, autoLengthCalc := true, udpAddress := "127.0.0.1", udpPort := 49028 } id 1
09:54:54.033661 PORTEVENT ../ttcn/DNS_Mapping.ttcn:58(function:f_DNS_mapping_behaviour) Message with id 1 was extracted from the queue of UDP_DNS_PCO.
09:54:54.033701 DEBUG ../ttcn/DNS_Mapping.ttcn:59(function:f_DNS_mapping_behaviour) Outgoing data:  
   56 cc 85 03 00 01 00 00   00 00 00 00 0a 4d 79 43   V....... .....MyC
   6f 6d 70 75 74 65 72 06   54 54 43 4e 2d 33 00 00   omputer. TTCN-3..
   01 00 01                                            ...

09:54:54.033747 PORTEVENT ../ttcn/DNS_Mapping.ttcn:59(function:f_DNS_mapping_behaviour) Sent on UDP_PCO to system @UDPasp_Types.ASP_UDP : { data := '56CC850300010000000000000A4D79436F6D7075746572065454434E2D330000010001'O, addressf := "127.0.0.1", portf := 49028 }
09:54:54.033766 DEBUG ../ttcn/DNS_Mapping.ttcn:59(function:f_DNS_mapping_behaviour) UDP test port (UDP_PCO): entering UDPasp__PT::outgoing_send(ASP__UDP)
09:54:54.033777 DEBUG ../ttcn/DNS_Mapping.ttcn:59(function:f_DNS_mapping_behaviour) Sending data: Size: 35,
Msg:  56 cc 85 03 00 01 00 00 00 00 00 00 0a 4d 79 43 6f 6d 70 75 74 65 72 06 54 54 43 4e 2d 33 00 00 01 00 01

09:54:54.033795 DEBUG ../ttcn/DNS_Mapping.ttcn:59(function:f_DNS_mapping_behaviour) UDP test port (UDP_PCO): UDPasp__PT::getHostId called
09:54:54.033810 DEBUG ../ttcn/DNS_Mapping.ttcn:59(function:f_DNS_mapping_behaviour) UDP test port (UDP_PCO): Host name: 127.0.0.1, Host address: 16777343
09:54:54.033819 DEBUG ../ttcn/DNS_Mapping.ttcn:59(function:f_DNS_mapping_behaviour) UDP test port (UDP_PCO): UDPasp__PT::getHostId exited
09:54:54.033857 DEBUG ../ttcn/DNS_Mapping.ttcn:59(function:f_DNS_mapping_behaviour) UDP test port (UDP_PCO): Nr of bytes sent = 35
09:54:54.033873 DEBUG ../ttcn/DNS_Mapping.ttcn:59(function:f_DNS_mapping_behaviour) UDP test port (UDP_PCO): leaving UDPasp__PT::outgoing_send(ASP__UDP)
09:55:24.050558 PARALLEL ../ttcn/DNS_Mapping.ttcn:47(function:f_DNS_mapping_behaviour) Kill was requested from MC.
09:55:24.050612 PARALLEL ../ttcn/DNS_Mapping.ttcn:47(function:f_DNS_mapping_behaviour) Terminating test component execution.
09:55:24.051077 PARALLEL - Function f_DNS_mapping_behaviour was stopped. PTC terminates.
09:55:24.051184 PARALLEL - Terminating component type DNS_Mapping.DNS_mapping_CT.
09:55:24.051223 PORTEVENT - Removing unterminated connection between port UDP_DNS_PCO and mtc:UDP_DNS_PCO.
09:55:24.051802 PORTEVENT - Port UDP_DNS_PCO was stopped.
09:55:24.051883 PORTEVENT - Removing unterminated mapping between port UDP_PCO and system:UDP_PCO.
09:55:24.052063 DEBUG - UDP test port (UDP_PCO): entering UDPasp__PT::user_unmap()
09:55:24.052148 DEBUG - UDP test port (UDP_PCO): entering UDPasp__PT::closeDownSocket()
09:55:24.052200 DEBUG - UDP test port (UDP_PCO): entering UDPasp__PT::closeDownSocket()
09:55:24.052236 DEBUG - UDP test port (UDP_PCO): leaving UDPasp__PT::user_unmap()
09:55:24.052259 PORTEVENT - Port UDP_PCO was unmapped from system:UDP_PCO.
09:55:24.052355 PORTEVENT - Port UDP_PCO was stopped.
09:55:24.052394 PARALLEL - Component type DNS_Mapping.DNS_mapping_CT was shut down inside testcase tc_1.
09:55:24.052432 VERDICTOP - Final verdict of PTC: none
09:55:24.053517 EXECUTOR - Disconnected from MC.
09:55:24.053561 EXECUTOR - TTCN-3 Parallel Test Component finished.
