warning: Charstring pattern: Cannot open file '/home/yann/frameworks/titan/titan.core/Install/etc/CaseFolding.txt' for reading. Case-insensitive universal charstring patterns are disabled.

Notify: Parsing TTCN-3 module `../ttcn/Btp_TestCases.ttcn'...
Notify: Parsing TTCN-3 module `../ttcn/Btp_TypesAndValues.ttcn'...
Notify: Parsing TTCN-3 module `../ttcn/Btp_Templates.ttcn'...
Notify: Parsing TTCN-3 module `../ttcn/Btp_TestControl.ttcn'...
Notify: Parsing TTCN-3 module `../ttcn/Btp_EncodeDecode.ttcn'...
Notify: Parsing TTCN-3 module `../ttcn/Btp_TestSystem.ttcn'...
Notify: Checking modules...
Notify: Generating code...
Notify: Test port skeleton header file `BtpPort.hh' was generated for port type `@Btp_TestSystem.BtpPort'.
Notify: Test port skeleton source file `BtpPort.cc' was generated for port type `@Btp_TestSystem.BtpPort'.
Notify: File `Btp_EncodeDecode.hh' was generated.
Notify: File `Btp_EncodeDecode.cc' was generated.
Notify: File `Btp_Templates.hh' was generated.
Notify: File `Btp_Templates.cc' was generated.
Notify: File `Btp_TestCases.hh' was generated.
Notify: File `Btp_TestCases.cc' was generated.
Notify: File `Btp_TestControl.hh' was generated.
Notify: File `Btp_TestControl.cc' was generated.
Notify: File `Btp_TestSystem.hh' was generated.
Notify: File `Btp_TestSystem.cc' was generated.
Notify: File `Btp_TypesAndValues.hh' was generated.
Notify: File `Btp_TypesAndValues.cc' was generated.
Notify: 12 files were updated.
/home/yann/frameworks/titan/titan.core/Install/bin/compiler -L -R -U none ../ttcn/Btp_TestCases.ttcn ../ttcn/Btp_TypesAndValues.ttcn ../ttcn/Btp_Templates.ttcn ../ttcn/Btp_TestControl.ttcn ../ttcn/Btp_EncodeDecode.ttcn ../ttcn/Btp_TestSystem.ttcn - ../ttcn/Btp_TestCases.ttcn ../ttcn/Btp_TypesAndValues.ttcn ../ttcn/Btp_Templates.ttcn ../ttcn/Btp_TestControl.ttcn ../ttcn/Btp_EncodeDecode.ttcn ../ttcn/Btp_TestSystem.ttcn
warning: Charstring pattern: Cannot open file '/home/yann/frameworks/titan/titan.core/Install/etc/CaseFolding.txt' for reading. Case-insensitive universal charstring patterns are disabled.

Notify: Parsing TTCN-3 module `../ttcn/Btp_TestCases.ttcn'...
Notify: Parsing TTCN-3 module `../ttcn/Btp_TypesAndValues.ttcn'...
Notify: Parsing TTCN-3 module `../ttcn/Btp_Templates.ttcn'...
Notify: Parsing TTCN-3 module `../ttcn/Btp_TestControl.ttcn'...
Notify: Parsing TTCN-3 module `../ttcn/Btp_EncodeDecode.ttcn'...
Notify: Parsing TTCN-3 module `../ttcn/Btp_TestSystem.ttcn'...
Notify: Checking modules...
Notify: Generating code...
Notify: File `Btp_TestCases.cc' was updated.
Notify: File `Btp_TestControl.cc' was updated.
Notify: File `Btp_TestSystem.hh' was updated.
Notify: File `Btp_TestSystem.cc' was updated.
Notify: File `Btp_TypesAndValues.hh' was updated.
Notify: File `Btp_TypesAndValues.cc' was updated.
Notify: 6 files were updated.
touch compile
g++  -c -DLINUX -I/home/yann/frameworks/titan/titan.core/Install/include -DTITAN_RUNTIME_2 -I../include -I/home/yann/include -I. -g -Wall -std=c++11   -o Btp_TestCases.o Btp_TestCases.cc
g++  -c -DLINUX -I/home/yann/frameworks/titan/titan.core/Install/include -DTITAN_RUNTIME_2 -I../include -I/home/yann/include -I. -g -Wall -std=c++11   -o Btp_TypesAndValues.o Btp_TypesAndValues.cc
g++  -c -DLINUX -I/home/yann/frameworks/titan/titan.core/Install/include -DTITAN_RUNTIME_2 -I../include -I/home/yann/include -I. -g -Wall -std=c++11   -o Btp_Templates.o Btp_Templates.cc
g++  -c -DLINUX -I/home/yann/frameworks/titan/titan.core/Install/include -DTITAN_RUNTIME_2 -I../include -I/home/yann/include -I. -g -Wall -std=c++11   -o Btp_TestControl.o Btp_TestControl.cc
g++  -c -DLINUX -I/home/yann/frameworks/titan/titan.core/Install/include -DTITAN_RUNTIME_2 -I../include -I/home/yann/include -I. -g -Wall -std=c++11   -o Btp_EncodeDecode.o Btp_EncodeDecode.cc
g++  -c -DLINUX -I/home/yann/frameworks/titan/titan.core/Install/include -DTITAN_RUNTIME_2 -I../include -I/home/yann/include -I. -g -Wall -std=c++11   -o Btp_TestSystem.o Btp_TestSystem.cc
g++  -c -DLINUX -I/home/yann/frameworks/titan/titan.core/Install/include -DTITAN_RUNTIME_2 -I../include -I/home/yann/include -I. -g -Wall -std=c++11   -o ../src/BtpEncodeDecode.o ../src/BtpEncodeDecode.cc
g++  -c -DLINUX -I/home/yann/frameworks/titan/titan.core/Install/include -DTITAN_RUNTIME_2 -I../include -I/home/yann/include -I. -g -Wall -std=c++11   -o ../src/BtpPort.o ../src/BtpPort.cc
if g++  -g  -o Btp_TestCases Btp_TestCases.o Btp_TypesAndValues.o Btp_Templates.o Btp_TestControl.o Btp_EncodeDecode.o Btp_TestSystem.o ../src/BtpEncodeDecode.o ../src/BtpPort.o \
	-L/home/yann/frameworks/titan/titan.core/Install/lib -lttcn3-rt2-parallel \
	-L/lib -lcrypto \
	-L/home/yann/frameworks/titan/titan.core/Install/lib -lxml2; \
	then : ; else /home/yann/frameworks/titan/titan.core/Install/bin/titanver Btp_TestCases.o Btp_TypesAndValues.o Btp_Templates.o Btp_TestControl.o Btp_EncodeDecode.o Btp_TestSystem.o ../src/BtpEncodeDecode.o ../src/BtpPort.o; exit 1; fi
