warning: Charstring pattern: Cannot open file '/home/yann/frameworks/titan/titan.core/Install/etc/CaseFolding.txt' for reading. Case-insensitive universal charstring patterns are disabled.

compiler: error: No input TTCN-3 or ASN.1 module was given.
if g++  -g  -o TestCodec_EncDecDeclarations ../src/TestCodec_EncDecDeclarations.o ../src/PCOType.o \
	-L/home/yann/frameworks/titan/titan.core/Install/lib -lttcn3-rt2-parallel \
	-L/lib -lcrypto \
	-L/home/yann/frameworks/titan/titan.core/Install/lib -lxml2; \
	then : ; else /home/yann/frameworks/titan/titan.core/Install/bin/titanver  ../src/TestCodec_EncDecDeclarations.o ../src/PCOType.o; exit 1; fi
../src/PCOType.o: In function `MyExample::PCOType::PCOType(char const*)':
/home/yann/tmp/TriesAndDelete/HelloWorldTitan/objs/../src/PCOType.cc:18: undefined reference to `MyExample::PCOType_BASE::PCOType_BASE(char const*)'
/home/yann/tmp/TriesAndDelete/HelloWorldTitan/objs/../src/PCOType.cc:18: undefined reference to `MyExample::PCOType_BASE::~PCOType_BASE()'
../src/PCOType.o: In function `MyExample::PCOType::~PCOType()':
/home/yann/tmp/TriesAndDelete/HelloWorldTitan/objs/../src/PCOType.cc:24: undefined reference to `MyExample::PCOType_BASE::~PCOType_BASE()'
../src/PCOType.o: In function `MyExample::PCOType::outgoing_send(MyExample::UtInitialize const&)':
/home/yann/tmp/TriesAndDelete/HelloWorldTitan/objs/../src/PCOType.cc:125: undefined reference to `MyExample::UtInitialize::UtInitialize(OCTETSTRING const&)'
../src/PCOType.o: In function `MyExample::PCOType_BASE::incoming_message(CHARSTRING const&)':
/home/yann/tmp/TriesAndDelete/HelloWorldTitan/objs/./MyExample.hh:177: undefined reference to `MyExample::PCOType_BASE::incoming_message(CHARSTRING const&, int)'
../src/PCOType.o: In function `MyExample::PCOType_BASE::incoming_message(MyExample::UtInitialize const&)':
/home/yann/tmp/TriesAndDelete/HelloWorldTitan/objs/./MyExample.hh:178: undefined reference to `MyExample::PCOType_BASE::incoming_message(MyExample::UtInitialize const&, int)'
../src/PCOType.o:(.rodata._ZTVN9MyExample7PCOTypeE[_ZTVN9MyExample7PCOTypeE]+0x40): undefined reference to `MyExample::PCOType_BASE::receive(COMPONENT_template const&, COMPONENT*)'
../src/PCOType.o:(.rodata._ZTVN9MyExample7PCOTypeE[_ZTVN9MyExample7PCOTypeE]+0x48): undefined reference to `MyExample::PCOType_BASE::check_receive(COMPONENT_template const&, COMPONENT*)'
../src/PCOType.o:(.rodata._ZTVN9MyExample7PCOTypeE[_ZTVN9MyExample7PCOTypeE]+0x50): undefined reference to `MyExample::PCOType_BASE::trigger(COMPONENT_template const&, COMPONENT*)'
../src/PCOType.o:(.rodata._ZTVN9MyExample7PCOTypeE[_ZTVN9MyExample7PCOTypeE]+0xc8): undefined reference to `MyExample::PCOType_BASE::clear_queue()'
../src/PCOType.o:(.rodata._ZTVN9MyExample7PCOTypeE[_ZTVN9MyExample7PCOTypeE]+0xd0): undefined reference to `MyExample::PCOType_BASE::process_message(char const*, Text_Buf&, int, OCTETSTRING&)'
../src/PCOType.o:(.rodata._ZTIN9MyExample7PCOTypeE[_ZTIN9MyExample7PCOTypeE]+0x10): undefined reference to `typeinfo for MyExample::PCOType_BASE'
../src/PCOType.o: In function `MyExample::UtInitialize::~UtInitialize()':
/home/yann/tmp/TriesAndDelete/HelloWorldTitan/objs/./MyExample.hh:67: undefined reference to `vtable for MyExample::UtInitialize'
collect2: error: ld returned 1 exit status
make: *** [TestCodec_EncDecDeclarations] Error 1
